app/build/intermediates/manifest_merge_blame_file/debug/processDebugMainManifest/manifest-merger-blame-debug-report.txt
1<?xml version="1.0" encoding="utf-8"?>
2<manifest xmlns:android="http://schemas.android.com/apk/res/android"
3    package="com.example.smarthostel"
4    android:versionCode="1"
5    android:versionName="1.0" >
6
7    <uses-sdk
8        android:minSdkVersion="24"
9        android:targetSdkVersion="34" />
10
11    <uses-permission android:name="android.permission.INTERNET" />
11-->src\main\AndroidManifest.xml:5:5-67
11-->src\main\AndroidManifest.xml:5:22-64
12    <uses-permission android:name="android.permission.ACCESS_NETWORK_STATE" />
12-->[com.google.firebase:firebase-auth:22.3.1] AndroidManifest.xml:26:5-79
12-->[com.google.firebase:firebase-auth:22.3.1] AndroidManifest.xml:26:22-76
13    <uses-permission android:name="com.google.android.providers.gsf.permission.READ_GSERVICES" />
13-->[com.google.android.recaptcha:recaptcha:18.4.0] AndroidManifest.xml:9:5-98
13-->[com.google.android.recaptcha:recaptcha:18.4.0] AndroidManifest.xml:9:22-95
14
15    <permission
15-->[androidx.core:core:1.12.0] AndroidManifest.xml:22:5-24:47
16        android:name="com.example.smarthostel.DYNAMIC_RECEIVER_NOT_EXPORTED_PERMISSION"
16-->[androidx.core:core:1.12.0] AndroidManifest.xml:23:9-81
17        android:protectionLevel="signature" />
17-->[androidx.core:core:1.12.0] AndroidManifest.xml:24:9-44
18
19    <uses-permission android:name="com.example.smarthostel.DYNAMIC_RECEIVER_NOT_EXPORTED_PERMISSION" />
19-->[androidx.core:core:1.12.0] AndroidManifest.xml:26:5-97
19-->[androidx.core:core:1.12.0] AndroidManifest.xml:26:22-94
20
21    <application
21-->src\main\AndroidManifest.xml:7:5-38:19
22        android:allowBackup="true"
22-->src\main\AndroidManifest.xml:8:9-35
23        android:appComponentFactory="androidx.core.app.CoreComponentFactory"
23-->[androidx.core:core:1.12.0] AndroidManifest.xml:28:18-86
24        android:debuggable="true"
25        android:extractNativeLibs="false"
26        android:icon="@mipmap/ic_launcher"
26-->src\main\AndroidManifest.xml:9:9-43
27        android:label="@string/app_name"
27-->src\main\AndroidManifest.xml:10:9-41
28        android:roundIcon="@mipmap/ic_launcher_round"
28-->src\main\AndroidManifest.xml:11:9-54
29        android:supportsRtl="true"
29-->src\main\AndroidManifest.xml:12:9-35
30        android:testOnly="true"
31        android:theme="@style/Theme.SmartHostel" >
31-->src\main\AndroidManifest.xml:13:9-49
32        <activity
32-->src\main\AndroidManifest.xml:15:9-22:20
33            android:name="com.example.smarthostel.LoginActivity"
33-->src\main\AndroidManifest.xml:16:13-42
34            android:exported="true" >
34-->src\main\AndroidManifest.xml:17:13-36
35            <intent-filter>
35-->src\main\AndroidManifest.xml:18:13-21:29
36                <action android:name="android.intent.action.MAIN" />
36-->src\main\AndroidManifest.xml:19:17-69
36-->src\main\AndroidManifest.xml:19:25-66
37
38                <category android:name="android.intent.category.LAUNCHER" />
38-->src\main\AndroidManifest.xml:20:17-77
38-->src\main\AndroidManifest.xml:20:27-74
39            </intent-filter>
40        </activity>
41        <activity android:name="com.example.smarthostel.RegisterActivity" />
41-->src\main\AndroidManifest.xml:24:9-54
41-->src\main\AndroidManifest.xml:24:19-51
42        <activity android:name="com.example.smarthostel.StudentDashboardActivity" />
42-->src\main\AndroidManifest.xml:25:9-62
42-->src\main\AndroidManifest.xml:25:19-59
43        <activity android:name="com.example.smarthostel.WardenDashboardActivity" />
43-->src\main\AndroidManifest.xml:26:9-61
43-->src\main\AndroidManifest.xml:26:19-58
44        <activity android:name="com.example.smarthostel.LeaveRequestActivity" />
44-->src\main\AndroidManifest.xml:28:9-58
44-->src\main\AndroidManifest.xml:28:19-55
45        <activity android:name="com.example.smarthostel.ComplaintActivity" />
45-->src\main\AndroidManifest.xml:29:9-55
45-->src\main\AndroidManifest.xml:29:19-52
46        <activity android:name="com.example.smarthostel.FoodReviewActivity" />
46-->src\main\AndroidManifest.xml:30:9-56
46-->src\main\AndroidManifest.xml:30:19-53
47        <activity android:name="com.example.smarthostel.RoomRequestActivity" />
47-->src\main\AndroidManifest.xml:31:9-57
47-->src\main\AndroidManifest.xml:31:19-54
48        <activity android:name="com.example.smarthostel.ManageLeaveActivity" />
48-->src\main\AndroidManifest.xml:33:9-57
48-->src\main\AndroidManifest.xml:33:19-54
49        <activity android:name="com.example.smarthostel.ManageComplaintActivity" />
49-->src\main\AndroidManifest.xml:34:9-61
49-->src\main\AndroidManifest.xml:34:19-58
50        <activity android:name="com.example.smarthostel.ManageRoomActivity" />
50-->src\main\AndroidManifest.xml:35:9-56
50-->src\main\AndroidManifest.xml:35:19-53
51        <activity android:name="com.example.smarthostel.ViewFoodReviewsActivity" />
51-->src\main\AndroidManifest.xml:36:9-61
51-->src\main\AndroidManifest.xml:36:19-58
52
53        <provider
53-->[androidx.emoji2:emoji2:1.2.0] AndroidManifest.xml:24:9-32:20
54            android:name="androidx.startup.InitializationProvider"
54-->[androidx.emoji2:emoji2:1.2.0] AndroidManifest.xml:25:13-67
55            android:authorities="com.example.smarthostel.androidx-startup"
55-->[androidx.emoji2:emoji2:1.2.0] AndroidManifest.xml:26:13-68
56            android:exported="false" >
56-->[androidx.emoji2:emoji2:1.2.0] AndroidManifest.xml:27:13-37
57            <meta-data
57-->[androidx.emoji2:emoji2:1.2.0] AndroidManifest.xml:29:13-31:52
58                android:name="androidx.emoji2.text.EmojiCompatInitializer"
58-->[androidx.emoji2:emoji2:1.2.0] AndroidManifest.xml:30:17-75
59                android:value="androidx.startup" />
59-->[androidx.emoji2:emoji2:1.2.0] AndroidManifest.xml:31:17-49
60            <meta-data
60-->[androidx.lifecycle:lifecycle-process:2.6.1] AndroidManifest.xml:29:13-31:52
61                android:name="androidx.lifecycle.ProcessLifecycleInitializer"
61-->[androidx.lifecycle:lifecycle-process:2.6.1] AndroidManifest.xml:30:17-78
62                android:value="androidx.startup" />
62-->[androidx.lifecycle:lifecycle-process:2.6.1] AndroidManifest.xml:31:17-49
63            <meta-data
63-->[androidx.profileinstaller:profileinstaller:1.3.0] AndroidManifest.xml:29:13-31:52
64                android:name="androidx.profileinstaller.ProfileInstallerInitializer"
64-->[androidx.profileinstaller:profileinstaller:1.3.0] AndroidManifest.xml:30:17-85
65                android:value="androidx.startup" />
65-->[androidx.profileinstaller:profileinstaller:1.3.0] AndroidManifest.xml:31:17-49
66        </provider>
67
68        <activity
68-->[com.google.firebase:firebase-auth:22.3.1] AndroidManifest.xml:29:9-46:20
69            android:name="com.google.firebase.auth.internal.GenericIdpActivity"
69-->[com.google.firebase:firebase-auth:22.3.1] AndroidManifest.xml:30:13-80
70            android:excludeFromRecents="true"
70-->[com.google.firebase:firebase-auth:22.3.1] AndroidManifest.xml:31:13-46
71            android:exported="true"
71-->[com.google.firebase:firebase-auth:22.3.1] AndroidManifest.xml:32:13-36
72            android:launchMode="singleTask"
72-->[com.google.firebase:firebase-auth:22.3.1] AndroidManifest.xml:33:13-44
73            android:theme="@android:style/Theme.Translucent.NoTitleBar" >
73-->[com.google.firebase:firebase-auth:22.3.1] AndroidManifest.xml:34:13-72
74            <intent-filter>
74-->[com.google.firebase:firebase-auth:22.3.1] AndroidManifest.xml:35:13-45:29
75                <action android:name="android.intent.action.VIEW" />
75-->[com.google.firebase:firebase-auth:22.3.1] AndroidManifest.xml:36:17-69
75-->[com.google.firebase:firebase-auth:22.3.1] AndroidManifest.xml:36:25-66
76
77                <category android:name="android.intent.category.DEFAULT" />
77-->[com.google.firebase:firebase-auth:22.3.1] AndroidManifest.xml:38:17-76
77-->[com.google.firebase:firebase-auth:22.3.1] AndroidManifest.xml:38:27-73
78                <category android:name="android.intent.category.BROWSABLE" />
78-->[com.google.firebase:firebase-auth:22.3.1] AndroidManifest.xml:39:17-78
78-->[com.google.firebase:firebase-auth:22.3.1] AndroidManifest.xml:39:27-75
79
80                <data
80-->[com.google.firebase:firebase-auth:22.3.1] AndroidManifest.xml:41:17-44:51
81                    android:host="firebase.auth"
81-->[com.google.firebase:firebase-auth:22.3.1] AndroidManifest.xml:42:21-49
82                    android:path="/"
82-->[com.google.firebase:firebase-auth:22.3.1] AndroidManifest.xml:43:21-37
83                    android:scheme="genericidp" />
83-->[com.google.firebase:firebase-auth:22.3.1] AndroidManifest.xml:44:21-48
84            </intent-filter>
85        </activity>
86        <activity
86-->[com.google.firebase:firebase-auth:22.3.1] AndroidManifest.xml:47:9-64:20
87            android:name="com.google.firebase.auth.internal.RecaptchaActivity"
87-->[com.google.firebase:firebase-auth:22.3.1] AndroidManifest.xml:48:13-79
88            android:excludeFromRecents="true"
88-->[com.google.firebase:firebase-auth:22.3.1] AndroidManifest.xml:49:13-46
89            android:exported="true"
89-->[com.google.firebase:firebase-auth:22.3.1] AndroidManifest.xml:50:13-36
90            android:launchMode="singleTask"
90-->[com.google.firebase:firebase-auth:22.3.1] AndroidManifest.xml:51:13-44
91            android:theme="@android:style/Theme.Translucent.NoTitleBar" >
91-->[com.google.firebase:firebase-auth:22.3.1] AndroidManifest.xml:52:13-72
92            <intent-filter>
92-->[com.google.firebase:firebase-auth:22.3.1] AndroidManifest.xml:53:13-63:29
93                <action android:name="android.intent.action.VIEW" />
93-->[com.google.firebase:firebase-auth:22.3.1] AndroidManifest.xml:36:17-69
93-->[com.google.firebase:firebase-auth:22.3.1] AndroidManifest.xml:36:25-66
94
95                <category android:name="android.intent.category.DEFAULT" />
95-->[com.google.firebase:firebase-auth:22.3.1] AndroidManifest.xml:38:17-76
95-->[com.google.firebase:firebase-auth:22.3.1] AndroidManifest.xml:38:27-73
96                <category android:name="android.intent.category.BROWSABLE" />
96-->[com.google.firebase:firebase-auth:22.3.1] AndroidManifest.xml:39:17-78
96-->[com.google.firebase:firebase-auth:22.3.1] AndroidManifest.xml:39:27-75
97
98                <data
98-->[com.google.firebase:firebase-auth:22.3.1] AndroidManifest.xml:41:17-44:51
99                    android:host="firebase.auth"
99-->[com.google.firebase:firebase-auth:22.3.1] AndroidManifest.xml:42:21-49
100                    android:path="/"
100-->[com.google.firebase:firebase-auth:22.3.1] AndroidManifest.xml:43:21-37
101                    android:scheme="recaptcha" />
101-->[com.google.firebase:firebase-auth:22.3.1] AndroidManifest.xml:44:21-48
102            </intent-filter>
103        </activity>
104
105        <service
105-->[com.google.firebase:firebase-auth:22.3.1] AndroidManifest.xml:66:9-72:19
106            android:name="com.google.firebase.components.ComponentDiscoveryService"
106-->[com.google.firebase:firebase-auth:22.3.1] AndroidManifest.xml:67:13-84
107            android:directBootAware="true"
107-->[com.google.firebase:firebase-common:20.4.2] AndroidManifest.xml:32:13-43
108            android:exported="false" >
108-->[com.google.firebase:firebase-auth:22.3.1] AndroidManifest.xml:68:13-37
109            <meta-data
109-->[com.google.firebase:firebase-auth:22.3.1] AndroidManifest.xml:69:13-71:85
110                android:name="com.google.firebase.components:com.google.firebase.auth.FirebaseAuthRegistrar"
110-->[com.google.firebase:firebase-auth:22.3.1] AndroidManifest.xml:70:17-109
111                android:value="com.google.firebase.components.ComponentRegistrar" />
111-->[com.google.firebase:firebase-auth:22.3.1] AndroidManifest.xml:71:17-82
112            <meta-data
112-->[com.google.firebase:firebase-firestore:24.10.1] AndroidManifest.xml:17:13-19:85
113                android:name="com.google.firebase.components:com.google.firebase.firestore.FirebaseFirestoreKtxRegistrar"
113-->[com.google.firebase:firebase-firestore:24.10.1] AndroidManifest.xml:18:17-122
114                android:value="com.google.firebase.components.ComponentRegistrar" />
114-->[com.google.firebase:firebase-firestore:24.10.1] AndroidManifest.xml:19:17-82
115            <meta-data
115-->[com.google.firebase:firebase-firestore:24.10.1] AndroidManifest.xml:20:13-22:85
116                android:name="com.google.firebase.components:com.google.firebase.firestore.FirestoreRegistrar"
116-->[com.google.firebase:firebase-firestore:24.10.1] AndroidManifest.xml:21:17-111
117                android:value="com.google.firebase.components.ComponentRegistrar" />
117-->[com.google.firebase:firebase-firestore:24.10.1] AndroidManifest.xml:22:17-82
118            <meta-data
118-->[com.google.firebase:firebase-common-ktx:20.4.2] AndroidManifest.xml:12:13-14:85
119                android:name="com.google.firebase.components:com.google.firebase.ktx.FirebaseCommonLegacyRegistrar"
119-->[com.google.firebase:firebase-common-ktx:20.4.2] AndroidManifest.xml:13:17-116
120                android:value="com.google.firebase.components.ComponentRegistrar" />
120-->[com.google.firebase:firebase-common-ktx:20.4.2] AndroidManifest.xml:14:17-82
121            <meta-data
121-->[com.google.firebase:firebase-common:20.4.2] AndroidManifest.xml:35:13-37:85
122                android:name="com.google.firebase.components:com.google.firebase.FirebaseCommonKtxRegistrar"
122-->[com.google.firebase:firebase-common:20.4.2] AndroidManifest.xml:36:17-109
123                android:value="com.google.firebase.components.ComponentRegistrar" />
123-->[com.google.firebase:firebase-common:20.4.2] AndroidManifest.xml:37:17-82
124        </service>
125
126        <provider
126-->[com.google.firebase:firebase-common:20.4.2] AndroidManifest.xml:23:9-28:39
127            android:name="com.google.firebase.provider.FirebaseInitProvider"
127-->[com.google.firebase:firebase-common:20.4.2] AndroidManifest.xml:24:13-77
128            android:authorities="com.example.smarthostel.firebaseinitprovider"
128-->[com.google.firebase:firebase-common:20.4.2] AndroidManifest.xml:25:13-72
129            android:directBootAware="true"
129-->[com.google.firebase:firebase-common:20.4.2] AndroidManifest.xml:26:13-43
130            android:exported="false"
130-->[com.google.firebase:firebase-common:20.4.2] AndroidManifest.xml:27:13-37
131            android:initOrder="100" />
131-->[com.google.firebase:firebase-common:20.4.2] AndroidManifest.xml:28:13-36
132
133        <activity
133-->[com.google.android.gms:play-services-base:18.0.1] AndroidManifest.xml:20:9-22:45
134            android:name="com.google.android.gms.common.api.GoogleApiActivity"
134-->[com.google.android.gms:play-services-base:18.0.1] AndroidManifest.xml:20:19-85
135            android:exported="false"
135-->[com.google.android.gms:play-services-base:18.0.1] AndroidManifest.xml:22:19-43
136            android:theme="@android:style/Theme.Translucent.NoTitleBar" />
136-->[com.google.android.gms:play-services-base:18.0.1] AndroidManifest.xml:21:19-78
137
138        <meta-data
138-->[com.google.android.gms:play-services-basement:18.1.0] AndroidManifest.xml:21:9-23:69
139            android:name="com.google.android.gms.version"
139-->[com.google.android.gms:play-services-basement:18.1.0] AndroidManifest.xml:22:13-58
140            android:value="@integer/google_play_services_version" />
140-->[com.google.android.gms:play-services-basement:18.1.0] AndroidManifest.xml:23:13-66
141
142        <receiver
142-->[androidx.profileinstaller:profileinstaller:1.3.0] AndroidManifest.xml:34:9-52:20
143            android:name="androidx.profileinstaller.ProfileInstallReceiver"
143-->[androidx.profileinstaller:profileinstaller:1.3.0] AndroidManifest.xml:35:13-76
144            android:directBootAware="false"
144-->[androidx.profileinstaller:profileinstaller:1.3.0] AndroidManifest.xml:36:13-44
145            android:enabled="true"
145-->[androidx.profileinstaller:profileinstaller:1.3.0] AndroidManifest.xml:37:13-35
146            android:exported="true"
146-->[androidx.profileinstaller:profileinstaller:1.3.0] AndroidManifest.xml:38:13-36
147            android:permission="android.permission.DUMP" >
147-->[androidx.profileinstaller:profileinstaller:1.3.0] AndroidManifest.xml:39:13-57
148            <intent-filter>
148-->[androidx.profileinstaller:profileinstaller:1.3.0] AndroidManifest.xml:40:13-42:29
149                <action android:name="androidx.profileinstaller.action.INSTALL_PROFILE" />
149-->[androidx.profileinstaller:profileinstaller:1.3.0] AndroidManifest.xml:41:17-91
149-->[androidx.profileinstaller:profileinstaller:1.3.0] AndroidManifest.xml:41:25-88
150            </intent-filter>
151            <intent-filter>
151-->[androidx.profileinstaller:profileinstaller:1.3.0] AndroidManifest.xml:43:13-45:29
152                <action android:name="androidx.profileinstaller.action.SKIP_FILE" />
152-->[androidx.profileinstaller:profileinstaller:1.3.0] AndroidManifest.xml:44:17-85
152-->[androidx.profileinstaller:profileinstaller:1.3.0] AndroidManifest.xml:44:25-82
153            </intent-filter>
154            <intent-filter>
154-->[androidx.profileinstaller:profileinstaller:1.3.0] AndroidManifest.xml:46:13-48:29
155                <action android:name="androidx.profileinstaller.action.SAVE_PROFILE" />
155-->[androidx.profileinstaller:profileinstaller:1.3.0] AndroidManifest.xml:47:17-88
155-->[androidx.profileinstaller:profileinstaller:1.3.0] AndroidManifest.xml:47:25-85
156            </intent-filter>
157            <intent-filter>
157-->[androidx.profileinstaller:profileinstaller:1.3.0] AndroidManifest.xml:49:13-51:29
158                <action android:name="androidx.profileinstaller.action.BENCHMARK_OPERATION" />
158-->[androidx.profileinstaller:profileinstaller:1.3.0] AndroidManifest.xml:50:17-95
158-->[androidx.profileinstaller:profileinstaller:1.3.0] AndroidManifest.xml:50:25-92
159            </intent-filter>
160        </receiver>
161    </application>
162
163</manifest>